[debug] [2026-06-20T09:39:35.923Z] ----------------------------------------------------------------------
[debug] [2026-06-20T09:39:35.926Z] Command:       /opt/homebrew/Cellar/node@22/22.22.3/bin/node /Users/bernardo/.npm/_npx/ba4f1959e38407b5/node_modules/.bin/firebase deploy --only hosting
[debug] [2026-06-20T09:39:35.926Z] CLI Version:   15.22.0
[debug] [2026-06-20T09:39:35.926Z] Platform:      darwin
[debug] [2026-06-20T09:39:35.926Z] Node Version:  v22.22.3
[debug] [2026-06-20T09:39:35.927Z] Detected Agent: unknown
[debug] [2026-06-20T09:39:35.927Z] Time:          Sat Jun 20 2026 11:39:35 GMT+0200 (Central European Summer Time)
[debug] [2026-06-20T09:39:35.927Z] ----------------------------------------------------------------------
[debug] 
[debug] [2026-06-20T09:39:36.341Z] > command requires scopes: ["email","openid","https://www.googleapis.com/auth/cloudplatformprojects.readonly","https://www.googleapis.com/auth/firebase","https://www.googleapis.com/auth/cloud-platform"]
[debug] [2026-06-20T09:39:36.341Z] > authorizing via signed-in user (laresbernardo@gmail.com)
[debug] [2026-06-20T09:39:36.341Z] [iam] checking project pinmage-billio for permissions ["firebase.projects.get","firebasehosting.sites.update"]
[debug] [2026-06-20T09:39:36.341Z] Checked if tokens are valid: true, expires at: 1781951882904
[debug] [2026-06-20T09:39:36.341Z] Checked if tokens are valid: true, expires at: 1781951882904
[debug] [2026-06-20T09:39:36.342Z] >>> [apiv2][query] POST https://cloudresourcemanager.googleapis.com/v1/projects/pinmage-billio:testIamPermissions [none]
[debug] [2026-06-20T09:39:36.342Z] >>> [apiv2][(partial)header] POST https://cloudresourcemanager.googleapis.com/v1/projects/pinmage-billio:testIamPermissions  x-goog-user-project=pinmage-billio
[debug] [2026-06-20T09:39:36.342Z] >>> [apiv2][body] POST https://cloudresourcemanager.googleapis.com/v1/projects/pinmage-billio:testIamPermissions {"permissions":["firebase.projects.get","firebasehosting.sites.update"]}
[debug] [2026-06-20T09:39:37.199Z] <<< [apiv2][status] POST https://cloudresourcemanager.googleapis.com/v1/projects/pinmage-billio:testIamPermissions 200
[debug] [2026-06-20T09:39:37.200Z] <<< [apiv2][body] POST https://cloudresourcemanager.googleapis.com/v1/projects/pinmage-billio:testIamPermissions {"permissions":["firebase.projects.get","firebasehosting.sites.update"]}
[debug] [2026-06-20T09:39:37.200Z] Checked if tokens are valid: true, expires at: 1781951882904
[debug] [2026-06-20T09:39:37.200Z] Checked if tokens are valid: true, expires at: 1781951882904
[debug] [2026-06-20T09:39:37.200Z] >>> [apiv2][query] GET https://firebase.googleapis.com/v1beta1/projects/pinmage-billio [none]
[debug] [2026-06-20T09:39:37.662Z] <<< [apiv2][status] GET https://firebase.googleapis.com/v1beta1/projects/pinmage-billio 200
[debug] [2026-06-20T09:39:37.662Z] <<< [apiv2][body] GET https://firebase.googleapis.com/v1beta1/projects/pinmage-billio {"projectId":"pinmage-billio","projectNumber":"294024078840","displayName":"Pinmage Billio","name":"projects/pinmage-billio","resources":{"hostingSite":"pinmage-billio"},"state":"ACTIVE","etag":"1_3a2a58f9-467f-4764-8ea8-324393d20095"}
[info] 
[info] === Deploying to 'pinmage-billio'...
[info] 
[info] i  deploying hosting 
[debug] [2026-06-20T09:39:37.665Z] Checked if tokens are valid: true, expires at: 1781951882904
[debug] [2026-06-20T09:39:37.665Z] Checked if tokens are valid: true, expires at: 1781951882904
[debug] [2026-06-20T09:39:37.665Z] >>> [apiv2][query] GET https://firebasehosting.googleapis.com/v1beta1/projects/pinmage-billio/sites/pinmage-billio [none]
[debug] [2026-06-20T09:39:38.727Z] <<< [apiv2][status] GET https://firebasehosting.googleapis.com/v1beta1/projects/pinmage-billio/sites/pinmage-billio 200
[debug] [2026-06-20T09:39:38.727Z] <<< [apiv2][body] GET https://firebasehosting.googleapis.com/v1beta1/projects/pinmage-billio/sites/pinmage-billio {"name":"projects/pinmage-billio/sites/pinmage-billio","defaultUrl":"https://pinmage-billio.web.app","type":"DEFAULT_SITE"}
[debug] [2026-06-20T09:39:38.731Z] Checked if tokens are valid: true, expires at: 1781951882904
[debug] [2026-06-20T09:39:38.731Z] Checked if tokens are valid: true, expires at: 1781951882904
[debug] [2026-06-20T09:39:38.732Z] >>> [apiv2][query] POST https://firebasehosting.googleapis.com/v1beta1/projects/-/sites/pinmage-billio/versions [none]
[debug] [2026-06-20T09:39:38.732Z] >>> [apiv2][body] POST https://firebasehosting.googleapis.com/v1beta1/projects/-/sites/pinmage-billio/versions {"status":"CREATED","labels":{"deployment-tool":"cli-firebase"}}
